{"/Users/miller/Documents/buildify/client/config/cssMock.ts": {"path":"/Users/miller/Documents/buildify/client/config/cssMock.ts","statementMap":{"0":{"start":{"line":1,"column":0},"end":{"line":1,"column":35}}},"fnMap":{},"branchMap":{},"s":{"0":1},"f":{},"b":{}}
,"/Users/miller/Documents/buildify/client/src/App.tsx": {"path":"/Users/miller/Documents/buildify/client/src/App.tsx","statementMap":{"0":{"start":{"line":2,"column":0},"end":{"line":2,"column":19}},"1":{"start":{"line":5,"column":0},"end":{"line":5,"column":64}},"2":{"start":{"line":8,"column":0},"end":{"line":8,"column":61}},"3":{"start":{"line":11,"column":0},"end":{"line":11,"column":31}},"4":{"start":{"line":14,"column":2},"end":{"line":24,"column":4}},"5":{"start":{"line":27,"column":0},"end":{"line":27,"column":19}}},"fnMap":{"0":{"name":"App","decl":{"start":{"line":13,"column":9},"end":{"line":13,"column":12}},"loc":{"start":{"line":13,"column":12},"end":{"line":25,"column":1}}}},"branchMap":{},"s":{"0":1,"1":1,"2":1,"3":1,"4":1,"5":1},"f":{"0":1},"b":{}}
,"/Users/miller/Documents/buildify/client/src/main.tsx": {"path":"/Users/miller/Documents/buildify/client/src/main.tsx","statementMap":{"0":{"start":{"line":2,"column":0},"end":{"line":2,"column":26}},"1":{"start":{"line":3,"column":0},"end":{"line":3,"column":56}},"2":{"start":{"line":4,"column":0},"end":{"line":4,"column":24}},"3":{"start":{"line":6,"column":0},"end":{"line":6,"column":32}},"4":{"start":{"line":9,"column":0},"end":{"line":9,"column":87}},"5":{"start":{"line":10,"column":0},"end":{"line":10,"column":90}},"6":{"start":{"line":12,"column":14},"end":{"line":12,"column":33}},"7":{"start":{"line":14,"column":26},"end":{"line":17,"column":2}},"8":{"start":{"line":14,"column":38},"end":{"line":17,"column":2}},"9":{"start":{"line":19,"column":0},"end":{"line":19,"column":20}},"10":{"start":{"line":21,"column":13},"end":{"line":24,"column":3}},"11":{"start":{"line":26,"column":13},"end":{"line":29,"column":3}},"12":{"start":{"line":32,"column":0},"end":{"line":40,"column":3}},"13":{"start":{"line":33,"column":2},"end":{"line":39,"column":4}}},"fnMap":{"0":{"name":"(anonymous_1)","decl":{"start":{"line":14,"column":26},"end":{"line":14,"column":31}},"loc":{"start":{"line":14,"column":38},"end":{"line":17,"column":2}}},"1":{"name":"(anonymous_2)","decl":{"start":{"line":32,"column":44},"end":{"line":32,"column":54}},"loc":{"start":{"line":32,"column":55},"end":{"line":40,"column":1}}}},"branchMap":{},"s":{"0":1,"1":1,"2":1,"3":1,"4":1,"5":1,"6":1,"7":1,"8":1,"9":1,"10":1,"11":1,"12":1,"13":0},"f":{"0":1,"1":0},"b":{}}
,"/Users/miller/Documents/buildify/client/src/components/index.ts": {"path":"/Users/miller/Documents/buildify/client/src/components/index.ts","statementMap":{"0":{"start":{"line":1,"column":0},"end":{"line":1,"column":9}},"1":{"start":{"line":1,"column":9},"end":{"line":1,"column":25}},"2":{"start":{"line":2,"column":0},"end":{"line":2,"column":9}},"3":{"start":{"line":2,"column":9},"end":{"line":2,"column":32}},"4":{"start":{"line":4,"column":0},"end":{"line":4,"column":9}},"5":{"start":{"line":4,"column":9},"end":{"line":4,"column":26}},"6":{"start":{"line":5,"column":0},"end":{"line":5,"column":9}},"7":{"start":{"line":5,"column":9},"end":{"line":5,"column":33}},"8":{"start":{"line":7,"column":0},"end":{"line":7,"column":9}},"9":{"start":{"line":7,"column":9},"end":{"line":7,"column":25}},"10":{"start":{"line":8,"column":0},"end":{"line":8,"column":9}},"11":{"start":{"line":8,"column":9},"end":{"line":8,"column":32}}},"fnMap":{"0":{"name":"(anonymous_1)","decl":{"start":{"line":1,"column":9},"end":{"line":1,"column":16}},"loc":{"start":{"line":1,"column":9},"end":{"line":1,"column":25}}},"1":{"name":"(anonymous_2)","decl":{"start":{"line":2,"column":9},"end":{"line":2,"column":16}},"loc":{"start":{"line":2,"column":9},"end":{"line":2,"column":32}}},"2":{"name":"(anonymous_3)","decl":{"start":{"line":4,"column":9},"end":{"line":4,"column":16}},"loc":{"start":{"line":4,"column":9},"end":{"line":4,"column":26}}},"3":{"name":"(anonymous_4)","decl":{"start":{"line":5,"column":9},"end":{"line":5,"column":16}},"loc":{"start":{"line":5,"column":9},"end":{"line":5,"column":33}}},"4":{"name":"(anonymous_5)","decl":{"start":{"line":7,"column":9},"end":{"line":7,"column":16}},"loc":{"start":{"line":7,"column":9},"end":{"line":7,"column":25}}},"5":{"name":"(anonymous_6)","decl":{"start":{"line":8,"column":9},"end":{"line":8,"column":16}},"loc":{"start":{"line":8,"column":9},"end":{"line":8,"column":32}}}},"branchMap":{},"s":{"0":1,"1":2,"2":1,"3":3,"4":1,"5":3,"6":1,"7":2,"8":1,"9":3,"10":1,"11":2},"f":{"0":1,"1":2,"2":2,"3":1,"4":2,"5":1},"b":{}}
,"/Users/miller/Documents/buildify/client/src/components/album/Album.tsx": {"path":"/Users/miller/Documents/buildify/client/src/components/album/Album.tsx","statementMap":{"0":{"start":{"line":9,"column":14},"end":{"line":21,"column":1}},"1":{"start":{"line":10,"column":2},"end":{"line":20,"column":4}},"2":{"start":{"line":23,"column":0},"end":{"line":23,"column":21}}},"fnMap":{"0":{"name":"(anonymous_0)","decl":{"start":{"line":9,"column":14},"end":{"line":9,"column":15}},"loc":{"start":{"line":9,"column":49},"end":{"line":21,"column":1}}}},"branchMap":{},"s":{"0":1,"1":1,"2":1},"f":{"0":1},"b":{}}
,"/Users/miller/Documents/buildify/client/src/components/album/LoadingAlbum.tsx": {"path":"/Users/miller/Documents/buildify/client/src/components/album/LoadingAlbum.tsx","statementMap":{"0":{"start":{"line":1,"column":0},"end":{"line":1,"column":46}},"1":{"start":{"line":2,"column":0},"end":{"line":2,"column":50}},"2":{"start":{"line":4,"column":21},"end":{"line":16,"column":1}},"3":{"start":{"line":5,"column":2},"end":{"line":15,"column":4}},"4":{"start":{"line":18,"column":0},"end":{"line":18,"column":28}}},"fnMap":{"0":{"name":"(anonymous_1)","decl":{"start":{"line":4,"column":21},"end":{"line":4,"column":24}},"loc":{"start":{"line":4,"column":26},"end":{"line":16,"column":1}}}},"branchMap":{},"s":{"0":1,"1":1,"2":1,"3":2,"4":1},"f":{"0":2},"b":{}}
,"/Users/miller/Documents/buildify/client/src/components/artist/Artist.tsx": {"path":"/Users/miller/Documents/buildify/client/src/components/artist/Artist.tsx","statementMap":{"0":{"start":{"line":9,"column":15},"end":{"line":29,"column":1}},"1":{"start":{"line":10,"column":2},"end":{"line":28,"column":4}},"2":{"start":{"line":20,"column":16},"end":{"line":20,"column":null}},"3":{"start":{"line":31,"column":0},"end":{"line":31,"column":22}}},"fnMap":{"0":{"name":"(anonymous_0)","decl":{"start":{"line":9,"column":15},"end":{"line":9,"column":16}},"loc":{"start":{"line":9,"column":51},"end":{"line":29,"column":1}}},"1":{"name":"(anonymous_1)","decl":{"start":{"line":19,"column":25},"end":{"line":19,"column":26}},"loc":{"start":{"line":20,"column":16},"end":{"line":20,"column":null}}}},"branchMap":{"0":{"loc":{"start":{"line":18,"column":11},"end":{"line":24,"column":18}},"type":"cond-expr","locations":[{"start":{"line":19,"column":14},"end":{"line":23,"column":16}},{"start":{"line":24,"column":14},"end":{"line":24,"column":18}}]}},"s":{"0":1,"1":2,"2":3,"3":1},"f":{"0":2,"1":3},"b":{"0":[1,1]}}
,"/Users/miller/Documents/buildify/client/src/components/artist/LoadingArtist.tsx": {"path":"/Users/miller/Documents/buildify/client/src/components/artist/LoadingArtist.tsx","statementMap":{"0":{"start":{"line":1,"column":0},"end":{"line":1,"column":46}},"1":{"start":{"line":2,"column":0},"end":{"line":2,"column":50}},"2":{"start":{"line":4,"column":22},"end":{"line":26,"column":1}},"3":{"start":{"line":5,"column":2},"end":{"line":25,"column":4}},"4":{"start":{"line":28,"column":0},"end":{"line":28,"column":29}}},"fnMap":{"0":{"name":"(anonymous_1)","decl":{"start":{"line":4,"column":22},"end":{"line":4,"column":25}},"loc":{"start":{"line":4,"column":27},"end":{"line":26,"column":1}}}},"branchMap":{},"s":{"0":1,"1":1,"2":1,"3":1,"4":1},"f":{"0":1},"b":{}}
,"/Users/miller/Documents/buildify/client/src/components/track/LoadingTrack.tsx": {"path":"/Users/miller/Documents/buildify/client/src/components/track/LoadingTrack.tsx","statementMap":{"0":{"start":{"line":1,"column":0},"end":{"line":1,"column":46}},"1":{"start":{"line":2,"column":0},"end":{"line":2,"column":50}},"2":{"start":{"line":4,"column":21},"end":{"line":17,"column":1}},"3":{"start":{"line":5,"column":2},"end":{"line":16,"column":4}},"4":{"start":{"line":19,"column":0},"end":{"line":19,"column":28}}},"fnMap":{"0":{"name":"(anonymous_1)","decl":{"start":{"line":4,"column":21},"end":{"line":4,"column":24}},"loc":{"start":{"line":4,"column":26},"end":{"line":17,"column":1}}}},"branchMap":{},"s":{"0":1,"1":1,"2":1,"3":1,"4":1},"f":{"0":1},"b":{}}
,"/Users/miller/Documents/buildify/client/src/components/track/Track.tsx": {"path":"/Users/miller/Documents/buildify/client/src/components/track/Track.tsx","statementMap":{"0":{"start":{"line":1,"column":0},"end":{"line":1,"column":41}},"1":{"start":{"line":4,"column":0},"end":{"line":4,"column":24}},"2":{"start":{"line":7,"column":0},"end":{"line":7,"column":55}},"3":{"start":{"line":8,"column":0},"end":{"line":8,"column":54}},"4":{"start":{"line":9,"column":0},"end":{"line":9,"column":53}},"5":{"start":{"line":28,"column":14},"end":{"line":82,"column":1}},"6":{"start":{"line":29,"column":40},"end":{"line":29,"column":54}},"7":{"start":{"line":30,"column":19},"end":{"line":30,"column":49}},"8":{"start":{"line":32,"column":48},"end":{"line":32,"column":57}},"9":{"start":{"line":34,"column":21},"end":{"line":40,"column":3}},"10":{"start":{"line":35,"column":4},"end":{"line":39,"column":null}},"11":{"start":{"line":36,"column":6},"end":{"line":36,"column":39}},"12":{"start":{"line":37,"column":6},"end":{"line":37,"column":32}},"13":{"start":{"line":38,"column":6},"end":{"line":38,"column":28}},"14":{"start":{"line":42,"column":21},"end":{"line":45,"column":3}},"15":{"start":{"line":43,"column":4},"end":{"line":43,"column":16}},"16":{"start":{"line":44,"column":4},"end":{"line":44,"column":25}},"17":{"start":{"line":47,"column":16},"end":{"line":49,"column":3}},"18":{"start":{"line":48,"column":4},"end":{"line":48,"column":25}},"19":{"start":{"line":51,"column":2},"end":{"line":81,"column":4}},"20":{"start":{"line":71,"column":68},"end":{"line":71,"column":75}},"21":{"start":{"line":84,"column":0},"end":{"line":84,"column":21}}},"fnMap":{"0":{"name":"(anonymous_0)","decl":{"start":{"line":28,"column":14},"end":{"line":28,"column":15}},"loc":{"start":{"line":28,"column":65},"end":{"line":82,"column":1}}},"1":{"name":"(anonymous_1)","decl":{"start":{"line":34,"column":21},"end":{"line":34,"column":24}},"loc":{"start":{"line":34,"column":26},"end":{"line":40,"column":3}}},"2":{"name":"(anonymous_2)","decl":{"start":{"line":42,"column":21},"end":{"line":42,"column":24}},"loc":{"start":{"line":42,"column":26},"end":{"line":45,"column":3}}},"3":{"name":"(anonymous_3)","decl":{"start":{"line":47,"column":16},"end":{"line":47,"column":19}},"loc":{"start":{"line":47,"column":21},"end":{"line":49,"column":3}}},"4":{"name":"(anonymous_4)","decl":{"start":{"line":71,"column":62},"end":{"line":71,"column":65}},"loc":{"start":{"line":71,"column":68},"end":{"line":71,"column":75}}}},"branchMap":{"0":{"loc":{"start":{"line":35,"column":4},"end":{"line":39,"column":null}},"type":"if","locations":[{"start":{"line":35,"column":4},"end":{"line":39,"column":null}}]},"1":{"loc":{"start":{"line":58,"column":120},"end":{"line":58,"column":155}},"type":"cond-expr","locations":[{"start":{"line":58,"column":134},"end":{"line":58,"column":136}},{"start":{"line":58,"column":139},"end":{"line":58,"column":155}}]},"2":{"loc":{"start":{"line":62,"column":21},"end":{"line":62,"column":77}},"type":"cond-expr","locations":[{"start":{"line":62,"column":35},"end":{"line":62,"column":55}},{"start":{"line":62,"column":58},"end":{"line":62,"column":77}}]},"3":{"loc":{"start":{"line":68,"column":21},"end":{"line":68,"column":77}},"type":"cond-expr","locations":[{"start":{"line":68,"column":35},"end":{"line":68,"column":54}},{"start":{"line":68,"column":57},"end":{"line":68,"column":77}}]}},"s":{"0":1,"1":1,"2":1,"3":1,"4":1,"5":1,"6":9,"7":9,"8":9,"9":9,"10":3,"11":3,"12":3,"13":3,"14":9,"15":1,"16":1,"17":9,"18":1,"19":9,"20":1,"21":1},"f":{"0":9,"1":3,"2":1,"3":1,"4":1},"b":{"0":[3],"1":[5,4],"2":[5,4],"3":[5,4]}}
,"/Users/miller/Documents/buildify/client/src/context/SongProvider.tsx": {"path":"/Users/miller/Documents/buildify/client/src/context/SongProvider.tsx","statementMap":{"0":{"start":{"line":1,"column":0},"end":{"line":1,"column":60}},"1":{"start":{"line":11,"column":13},"end":{"line":11,"column":62}},"2":{"start":{"line":15,"column":2},"end":{"line":15,"column":33}},"3":{"start":{"line":14,"column":0},"end":{"line":14,"column":16}},"4":{"start":{"line":20,"column":27},"end":{"line":20,"column":55}},"5":{"start":{"line":22,"column":18},"end":{"line":28,"column":3}},"6":{"start":{"line":23,"column":4},"end":{"line":25,"column":null}},"7":{"start":{"line":24,"column":6},"end":{"line":24,"column":19}},"8":{"start":{"line":26,"column":4},"end":{"line":26,"column":19}},"9":{"start":{"line":27,"column":4},"end":{"line":27,"column":22}},"10":{"start":{"line":30,"column":20},"end":{"line":34,"column":3}},"11":{"start":{"line":31,"column":4},"end":{"line":33,"column":null}},"12":{"start":{"line":32,"column":6},"end":{"line":32,"column":19}},"13":{"start":{"line":36,"column":2},"end":{"line":42,"column":4}},"14":{"start":{"line":19,"column":0},"end":{"line":19,"column":16}}},"fnMap":{"0":{"name":"useSong","decl":{"start":{"line":14,"column":16},"end":{"line":14,"column":23}},"loc":{"start":{"line":14,"column":23},"end":{"line":16,"column":1}}},"1":{"name":"SongContextProvider","decl":{"start":{"line":19,"column":16},"end":{"line":19,"column":35}},"loc":{"start":{"line":19,"column":53},"end":{"line":43,"column":1}}},"2":{"name":"(anonymous_2)","decl":{"start":{"line":22,"column":18},"end":{"line":22,"column":19}},"loc":{"start":{"line":22,"column":48},"end":{"line":28,"column":3}}},"3":{"name":"(anonymous_3)","decl":{"start":{"line":30,"column":20},"end":{"line":30,"column":23}},"loc":{"start":{"line":30,"column":25},"end":{"line":34,"column":3}}}},"branchMap":{"0":{"loc":{"start":{"line":23,"column":4},"end":{"line":25,"column":null}},"type":"if","locations":[{"start":{"line":23,"column":4},"end":{"line":25,"column":null}}]},"1":{"loc":{"start":{"line":31,"column":4},"end":{"line":33,"column":null}},"type":"if","locations":[{"start":{"line":31,"column":4},"end":{"line":33,"column":null}}]}},"s":{"0":1,"1":1,"2":9,"3":1,"4":5,"5":5,"6":3,"7":2,"8":3,"9":3,"10":5,"11":1,"12":1,"13":5,"14":1},"f":{"0":9,"1":5,"2":3,"3":1},"b":{"0":[2],"1":[1]}}
,"/Users/miller/Documents/buildify/client/src/graphql/queries.ts": {"path":"/Users/miller/Documents/buildify/client/src/graphql/queries.ts","statementMap":{"0":{"start":{"line":1,"column":0},"end":{"line":1,"column":37}},"1":{"start":{"line":8,"column":13},"end":{"line":27,"column":2}},"2":{"start":{"line":33,"column":13},"end":{"line":52,"column":2}},"3":{"start":{"line":62,"column":13},"end":{"line":85,"column":2}}},"fnMap":{},"branchMap":{},"s":{"0":1,"1":1,"2":1,"3":1},"f":{},"b":{}}
,"/Users/miller/Documents/buildify/client/src/pages/index.ts": {"path":"/Users/miller/Documents/buildify/client/src/pages/index.ts","statementMap":{"0":{"start":{"line":1,"column":0},"end":{"line":1,"column":9}},"1":{"start":{"line":1,"column":9},"end":{"line":1,"column":24}}},"fnMap":{"0":{"name":"(anonymous_1)","decl":{"start":{"line":1,"column":9},"end":{"line":1,"column":16}},"loc":{"start":{"line":1,"column":9},"end":{"line":1,"column":24}}}},"branchMap":{},"s":{"0":1,"1":2},"f":{"0":1},"b":{}}
,"/Users/miller/Documents/buildify/client/src/pages/Home/Home.tsx": {"path":"/Users/miller/Documents/buildify/client/src/pages/Home/Home.tsx","statementMap":{"0":{"start":{"line":2,"column":0},"end":{"line":2,"column":61}},"1":{"start":{"line":5,"column":0},"end":{"line":5,"column":47}},"2":{"start":{"line":6,"column":0},"end":{"line":6,"column":46}},"3":{"start":{"line":7,"column":0},"end":{"line":7,"column":null}},"4":{"start":{"line":14,"column":0},"end":{"line":14,"column":56}},"5":{"start":{"line":17,"column":0},"end":{"line":17,"column":73}},"6":{"start":{"line":20,"column":0},"end":{"line":20,"column":null}},"7":{"start":{"line":29,"column":19},"end":{"line":29,"column":76}},"8":{"start":{"line":30,"column":35},"end":{"line":30,"column":56}},"9":{"start":{"line":32,"column":13},"end":{"line":293,"column":1}},"10":{"start":{"line":33,"column":30},"end":{"line":33,"column":42}},"11":{"start":{"line":34,"column":34},"end":{"line":34,"column":57}},"12":{"start":{"line":35,"column":36},"end":{"line":35,"column":48}},"13":{"start":{"line":36,"column":30},"end":{"line":36,"column":49}},"14":{"start":{"line":39,"column":36},"end":{"line":39,"column":63}},"15":{"start":{"line":40,"column":34},"end":{"line":40,"column":60}},"16":{"start":{"line":41,"column":34},"end":{"line":41,"column":60}},"17":{"start":{"line":43,"column":2},"end":{"line":66,"column":9}},"18":{"start":{"line":44,"column":4},"end":{"line":65,"column":null}},"19":{"start":{"line":45,"column":17},"end":{"line":45,"column":39}},"20":{"start":{"line":46,"column":24},"end":{"line":46,"column":76}},"21":{"start":{"line":47,"column":22},"end":{"line":49,"column":8}},"22":{"start":{"line":48,"column":8},"end":{"line":48,"column":41}},"23":{"start":{"line":50,"column":6},"end":{"line":50,"column":22}},"24":{"start":{"line":51,"column":6},"end":{"line":51,"column":27}},"25":{"start":{"line":52,"column":6},"end":{"line":64,"column":null}},"26":{"start":{"line":54,"column":10},"end":{"line":54,"column":32}},"27":{"start":{"line":55,"column":10},"end":{"line":55,"column":16}},"28":{"start":{"line":57,"column":10},"end":{"line":57,"column":33}},"29":{"start":{"line":58,"column":10},"end":{"line":58,"column":16}},"30":{"start":{"line":60,"column":10},"end":{"line":60,"column":32}},"31":{"start":{"line":61,"column":10},"end":{"line":61,"column":16}},"32":{"start":{"line":63,"column":10},"end":{"line":63,"column":16}},"33":{"start":{"line":69,"column":4},"end":{"line":69,"column":24}},"34":{"start":{"line":70,"column":4},"end":{"line":70,"column":22}},"35":{"start":{"line":71,"column":4},"end":{"line":71,"column":23}},"36":{"start":{"line":72,"column":4},"end":{"line":81,"column":null}},"37":{"start":{"line":73,"column":6},"end":{"line":73,"column":62}},"38":{"start":{"line":74,"column":6},"end":{"line":74,"column":29}},"39":{"start":{"line":75,"column":11},"end":{"line":81,"column":null}},"40":{"start":{"line":76,"column":6},"end":{"line":76,"column":60}},"41":{"start":{"line":77,"column":6},"end":{"line":77,"column":28}},"42":{"start":{"line":78,"column":11},"end":{"line":81,"column":null}},"43":{"start":{"line":79,"column":6},"end":{"line":79,"column":60}},"44":{"start":{"line":80,"column":6},"end":{"line":80,"column":28}},"45":{"start":{"line":85,"column":4},"end":{"line":85,"column":19}},"46":{"start":{"line":88,"column":2},"end":{"line":292,"column":4}},"47":{"start":{"line":97,"column":61},"end":{"line":97,"column":76}},"48":{"start":{"line":103,"column":49},"end":{"line":103,"column":66}},"49":{"start":{"line":120,"column":22},"end":{"line":121,"column":null}},"50":{"start":{"line":123,"column":26},"end":{"line":125,"column":28}},"51":{"start":{"line":130,"column":26},"end":{"line":145,"column":null}},"52":{"start":{"line":160,"column":16},"end":{"line":160,"column":41}},"53":{"start":{"line":178,"column":20},"end":{"line":179,"column":null}},"54":{"start":{"line":191,"column":51},"end":{"line":191,"column":79}},"55":{"start":{"line":194,"column":18},"end":{"line":195,"column":null}},"56":{"start":{"line":208,"column":20},"end":{"line":209,"column":null}},"57":{"start":{"line":229,"column":52},"end":{"line":229,"column":81}},"58":{"start":{"line":232,"column":18},"end":{"line":233,"column":null}},"59":{"start":{"line":256,"column":20},"end":{"line":257,"column":null}},"60":{"start":{"line":271,"column":51},"end":{"line":271,"column":79}},"61":{"start":{"line":274,"column":18},"end":{"line":275,"column":null}},"62":{"start":{"line":295,"column":0},"end":{"line":295,"column":20}}},"fnMap":{"0":{"name":"(anonymous_0)","decl":{"start":{"line":32,"column":13},"end":{"line":32,"column":16}},"loc":{"start":{"line":32,"column":18},"end":{"line":293,"column":1}}},"1":{"name":"(anonymous_1)","decl":{"start":{"line":43,"column":12},"end":{"line":43,"column":15}},"loc":{"start":{"line":43,"column":17},"end":{"line":66,"column":3}}},"2":{"name":"(anonymous_2)","decl":{"start":{"line":47,"column":62},"end":{"line":47,"column":72}},"loc":{"start":{"line":47,"column":73},"end":{"line":49,"column":7}}},"3":{"name":"handleSubmit","decl":{"start":{"line":68,"column":17},"end":{"line":68,"column":29}},"loc":{"start":{"line":68,"column":65},"end":{"line":82,"column":3}}},"4":{"name":"selectedChoice","decl":{"start":{"line":84,"column":11},"end":{"line":84,"column":25}},"loc":{"start":{"line":84,"column":45},"end":{"line":86,"column":3}}},"5":{"name":"(anonymous_5)","decl":{"start":{"line":97,"column":20},"end":{"line":97,"column":21}},"loc":{"start":{"line":97,"column":61},"end":{"line":97,"column":76}}},"6":{"name":"(anonymous_6)","decl":{"start":{"line":103,"column":24},"end":{"line":103,"column":25}},"loc":{"start":{"line":103,"column":49},"end":{"line":103,"column":66}}},"7":{"name":"(anonymous_7)","decl":{"start":{"line":119,"column":36},"end":{"line":119,"column":37}},"loc":{"start":{"line":120,"column":22},"end":{"line":121,"column":null}}},"8":{"name":"(anonymous_8)","decl":{"start":{"line":122,"column":35},"end":{"line":122,"column":36}},"loc":{"start":{"line":123,"column":26},"end":{"line":125,"column":28}}},"9":{"name":"(anonymous_9)","decl":{"start":{"line":129,"column":25},"end":{"line":129,"column":26}},"loc":{"start":{"line":130,"column":26},"end":{"line":145,"column":null}}},"10":{"name":"(anonymous_10)","decl":{"start":{"line":159,"column":24},"end":{"line":159,"column":25}},"loc":{"start":{"line":160,"column":16},"end":{"line":160,"column":41}}},"11":{"name":"(anonymous_11)","decl":{"start":{"line":177,"column":18},"end":{"line":177,"column":19}},"loc":{"start":{"line":178,"column":20},"end":{"line":179,"column":null}}},"12":{"name":"(anonymous_12)","decl":{"start":{"line":191,"column":32},"end":{"line":191,"column":33}},"loc":{"start":{"line":191,"column":51},"end":{"line":191,"column":79}}},"13":{"name":"(anonymous_13)","decl":{"start":{"line":193,"column":27},"end":{"line":193,"column":28}},"loc":{"start":{"line":194,"column":18},"end":{"line":195,"column":null}}},"14":{"name":"(anonymous_14)","decl":{"start":{"line":207,"column":18},"end":{"line":207,"column":19}},"loc":{"start":{"line":208,"column":20},"end":{"line":209,"column":null}}},"15":{"name":"(anonymous_15)","decl":{"start":{"line":229,"column":32},"end":{"line":229,"column":33}},"loc":{"start":{"line":229,"column":52},"end":{"line":229,"column":81}}},"16":{"name":"(anonymous_16)","decl":{"start":{"line":231,"column":27},"end":{"line":231,"column":28}},"loc":{"start":{"line":232,"column":18},"end":{"line":233,"column":null}}},"17":{"name":"(anonymous_17)","decl":{"start":{"line":255,"column":18},"end":{"line":255,"column":19}},"loc":{"start":{"line":256,"column":20},"end":{"line":257,"column":null}}},"18":{"name":"(anonymous_18)","decl":{"start":{"line":271,"column":32},"end":{"line":271,"column":33}},"loc":{"start":{"line":271,"column":51},"end":{"line":271,"column":79}}},"19":{"name":"(anonymous_19)","decl":{"start":{"line":273,"column":27},"end":{"line":273,"column":28}},"loc":{"start":{"line":274,"column":18},"end":{"line":275,"column":null}}}},"branchMap":{"0":{"loc":{"start":{"line":44,"column":4},"end":{"line":65,"column":null}},"type":"if","locations":[{"start":{"line":44,"column":4},"end":{"line":65,"column":null}}]},"1":{"loc":{"start":{"line":52,"column":6},"end":{"line":64,"column":null}},"type":"switch","locations":[{"start":{"line":53,"column":8},"end":{"line":55,"column":16}},{"start":{"line":56,"column":8},"end":{"line":58,"column":16}},{"start":{"line":59,"column":8},"end":{"line":61,"column":16}},{"start":{"line":62,"column":8},"end":{"line":63,"column":16}}]},"2":{"loc":{"start":{"line":72,"column":4},"end":{"line":81,"column":null}},"type":"if","locations":[{"start":{"line":72,"column":4},"end":{"line":81,"column":null}},{"start":{"line":75,"column":11},"end":{"line":81,"column":null}}]},"3":{"loc":{"start":{"line":75,"column":11},"end":{"line":81,"column":null}},"type":"if","locations":[{"start":{"line":75,"column":11},"end":{"line":81,"column":null}},{"start":{"line":78,"column":11},"end":{"line":81,"column":null}}]},"4":{"loc":{"start":{"line":78,"column":11},"end":{"line":81,"column":null}},"type":"if","locations":[{"start":{"line":78,"column":11},"end":{"line":81,"column":null}}]},"5":{"loc":{"start":{"line":124,"column":28},"end":{"line":124,"column":null}},"type":"cond-expr","locations":[{"start":{"line":124,"column":37},"end":{"line":124,"column":50}},{"start":{"line":124,"column":53},"end":{"line":124,"column":null}}]},"6":{"loc":{"start":{"line":133,"column":32},"end":{"line":133,"column":null}},"type":"cond-expr","locations":[{"start":{"line":133,"column":43},"end":{"line":133,"column":56}},{"start":{"line":133,"column":59},"end":{"line":133,"column":null}}]},"7":{"loc":{"start":{"line":138,"column":29},"end":{"line":145,"column":36}},"type":"cond-expr","locations":[{"start":{"line":139,"column":30},"end":{"line":143,"column":null}},{"start":{"line":145,"column":32},"end":{"line":145,"column":36}}]},"8":{"loc":{"start":{"line":174,"column":11},"end":{"line":288,"column":18}},"type":"cond-expr","locations":[{"start":{"line":175,"column":14},"end":{"line":203,"column":20}},{"start":{"line":204,"column":14},"end":{"line":288,"column":18}}]},"9":{"loc":{"start":{"line":175,"column":14},"end":{"line":203,"column":20}},"type":"cond-expr","locations":[{"start":{"line":176,"column":16},"end":{"line":188,"column":null}},{"start":{"line":190,"column":16},"end":{"line":203,"column":20}}]},"10":{"loc":{"start":{"line":183,"column":24},"end":{"line":185,"column":40}},"type":"cond-expr","locations":[{"start":{"line":184,"column":28},"end":{"line":184,"column":53}},{"start":{"line":185,"column":28},"end":{"line":185,"column":40}}]},"11":{"loc":{"start":{"line":190,"column":16},"end":{"line":203,"column":20}},"type":"cond-expr","locations":[{"start":{"line":191,"column":16},"end":{"line":191,"column":80}},{"start":{"line":192,"column":16},"end":{"line":203,"column":20}}]},"12":{"loc":{"start":{"line":192,"column":16},"end":{"line":203,"column":20}},"type":"cond-expr","locations":[{"start":{"line":193,"column":16},"end":{"line":202,"column":18}},{"start":{"line":203,"column":16},"end":{"line":203,"column":20}}]},"13":{"loc":{"start":{"line":199,"column":22},"end":{"line":199,"column":80}},"type":"cond-expr","locations":[{"start":{"line":199,"column":40},"end":{"line":199,"column":65}},{"start":{"line":199,"column":68},"end":{"line":199,"column":80}}]},"14":{"loc":{"start":{"line":204,"column":14},"end":{"line":288,"column":18}},"type":"cond-expr","locations":[{"start":{"line":205,"column":14},"end":{"line":251,"column":20}},{"start":{"line":252,"column":14},"end":{"line":288,"column":18}}]},"15":{"loc":{"start":{"line":205,"column":14},"end":{"line":251,"column":20}},"type":"cond-expr","locations":[{"start":{"line":206,"column":16},"end":{"line":226,"column":null}},{"start":{"line":228,"column":16},"end":{"line":251,"column":20}}]},"16":{"loc":{"start":{"line":212,"column":24},"end":{"line":218,"column":32}},"type":"cond-expr","locations":[{"start":{"line":213,"column":28},"end":{"line":217,"column":null}},{"start":{"line":218,"column":28},"end":{"line":218,"column":32}}]},"17":{"loc":{"start":{"line":221,"column":24},"end":{"line":223,"column":40}},"type":"cond-expr","locations":[{"start":{"line":222,"column":28},"end":{"line":222,"column":54}},{"start":{"line":223,"column":28},"end":{"line":223,"column":40}}]},"18":{"loc":{"start":{"line":228,"column":16},"end":{"line":251,"column":20}},"type":"cond-expr","locations":[{"start":{"line":229,"column":16},"end":{"line":229,"column":83}},{"start":{"line":230,"column":16},"end":{"line":251,"column":20}}]},"19":{"loc":{"start":{"line":230,"column":16},"end":{"line":251,"column":20}},"type":"cond-expr","locations":[{"start":{"line":231,"column":16},"end":{"line":250,"column":18}},{"start":{"line":251,"column":16},"end":{"line":251,"column":20}}]},"20":{"loc":{"start":{"line":236,"column":22},"end":{"line":242,"column":30}},"type":"cond-expr","locations":[{"start":{"line":237,"column":26},"end":{"line":241,"column":null}},{"start":{"line":242,"column":26},"end":{"line":242,"column":30}}]},"21":{"loc":{"start":{"line":245,"column":22},"end":{"line":247,"column":38}},"type":"cond-expr","locations":[{"start":{"line":246,"column":26},"end":{"line":246,"column":52}},{"start":{"line":247,"column":26},"end":{"line":247,"column":38}}]},"22":{"loc":{"start":{"line":252,"column":14},"end":{"line":288,"column":18}},"type":"cond-expr","locations":[{"start":{"line":253,"column":14},"end":{"line":287,"column":20}},{"start":{"line":288,"column":14},"end":{"line":288,"column":18}}]},"23":{"loc":{"start":{"line":253,"column":14},"end":{"line":287,"column":20}},"type":"cond-expr","locations":[{"start":{"line":254,"column":16},"end":{"line":268,"column":null}},{"start":{"line":270,"column":16},"end":{"line":287,"column":20}}]},"24":{"loc":{"start":{"line":262,"column":24},"end":{"line":264,"column":40}},"type":"cond-expr","locations":[{"start":{"line":263,"column":28},"end":{"line":263,"column":62}},{"start":{"line":264,"column":28},"end":{"line":264,"column":40}}]},"25":{"loc":{"start":{"line":270,"column":16},"end":{"line":287,"column":20}},"type":"cond-expr","locations":[{"start":{"line":271,"column":16},"end":{"line":271,"column":80}},{"start":{"line":272,"column":16},"end":{"line":287,"column":20}}]},"26":{"loc":{"start":{"line":272,"column":16},"end":{"line":287,"column":20}},"type":"cond-expr","locations":[{"start":{"line":273,"column":16},"end":{"line":286,"column":18}},{"start":{"line":287,"column":16},"end":{"line":287,"column":20}}]},"27":{"loc":{"start":{"line":280,"column":22},"end":{"line":282,"column":38}},"type":"cond-expr","locations":[{"start":{"line":281,"column":26},"end":{"line":281,"column":60}},{"start":{"line":282,"column":26},"end":{"line":282,"column":38}}]}},"s":{"0":1,"1":1,"2":1,"3":1,"4":1,"5":1,"6":1,"7":1,"8":1,"9":1,"10":1,"11":1,"12":1,"13":1,"14":1,"15":1,"16":1,"17":1,"18":1,"19":0,"20":0,"21":0,"22":0,"23":0,"24":0,"25":0,"26":0,"27":0,"28":0,"29":0,"30":0,"31":0,"32":0,"33":0,"34":0,"35":0,"36":0,"37":0,"38":0,"39":0,"40":0,"41":0,"42":0,"43":0,"44":0,"45":0,"46":1,"47":0,"48":0,"49":3,"50":0,"51":0,"52":0,"53":0,"54":0,"55":0,"56":0,"57":0,"58":0,"59":0,"60":0,"61":0,"62":1},"f":{"0":1,"1":1,"2":0,"3":0,"4":0,"5":0,"6":0,"7":3,"8":0,"9":0,"10":0,"11":0,"12":0,"13":0,"14":0,"15":0,"16":0,"17":0,"18":0,"19":0},"b":{"0":[0],"1":[0,0,0,0],"2":[0,0],"3":[0,0],"4":[0],"5":[0,0],"6":[0,0],"7":[0,0],"8":[0,1],"9":[0,0],"10":[0,0],"11":[0,0],"12":[0,0],"13":[0,0],"14":[0,1],"15":[0,0],"16":[0,0],"17":[0,0],"18":[0,0],"19":[0,0],"20":[0,0],"21":[0,0],"22":[0,1],"23":[0,0],"24":[0,0],"25":[0,0],"26":[0,0],"27":[0,0]}}
}
