TN:
SF:config/cssMock.ts
FNF:0
FNH:0
DA:1,1
LF:1
LH:1
BRF:0
BRH:0
end_of_record
TN:
SF:src/App.tsx
FN:13,App
FNF:1
FNH:1
FNDA:1,App
DA:2,1
DA:5,1
DA:8,1
DA:11,1
DA:14,1
DA:27,1
LF:6
LH:6
BRF:0
BRH:0
end_of_record
TN:
SF:src/main.tsx
FN:14,(anonymous_1)
FN:32,(anonymous_2)
FNF:2
FNH:1
FNDA:1,(anonymous_1)
FNDA:0,(anonymous_2)
DA:2,1
DA:3,1
DA:4,1
DA:6,1
DA:9,1
DA:10,1
DA:12,1
DA:14,1
DA:19,1
DA:21,1
DA:26,1
DA:32,1
DA:33,0
LF:13
LH:12
BRF:0
BRH:0
end_of_record
TN:
SF:src/components/index.ts
FN:1,(anonymous_1)
FN:2,(anonymous_2)
FN:4,(anonymous_3)
FN:5,(anonymous_4)
FN:7,(anonymous_5)
FN:8,(anonymous_6)
FNF:6
FNH:6
FNDA:1,(anonymous_1)
FNDA:2,(anonymous_2)
FNDA:2,(anonymous_3)
FNDA:1,(anonymous_4)
FNDA:2,(anonymous_5)
FNDA:1,(anonymous_6)
DA:1,2
DA:2,3
DA:4,3
DA:5,2
DA:7,3
DA:8,2
LF:6
LH:6
BRF:0
BRH:0
end_of_record
TN:
SF:src/components/album/Album.tsx
FN:9,(anonymous_0)
FNF:1
FNH:1
FNDA:1,(anonymous_0)
DA:9,1
DA:10,1
DA:23,1
LF:3
LH:3
BRF:0
BRH:0
end_of_record
TN:
SF:src/components/album/LoadingAlbum.tsx
FN:4,(anonymous_1)
FNF:1
FNH:1
FNDA:2,(anonymous_1)
DA:1,1
DA:2,1
DA:4,1
DA:5,2
DA:18,1
LF:5
LH:5
BRF:0
BRH:0
end_of_record
TN:
SF:src/components/artist/Artist.tsx
FN:9,(anonymous_0)
FN:19,(anonymous_1)
FNF:2
FNH:2
FNDA:2,(anonymous_0)
FNDA:3,(anonymous_1)
DA:9,1
DA:10,2
DA:20,3
DA:31,1
LF:4
LH:4
BRDA:18,0,0,1
BRDA:18,0,1,1
BRF:2
BRH:2
end_of_record
TN:
SF:src/components/artist/LoadingArtist.tsx
FN:4,(anonymous_1)
FNF:1
FNH:1
FNDA:1,(anonymous_1)
DA:1,1
DA:2,1
DA:4,1
DA:5,1
DA:28,1
LF:5
LH:5
BRF:0
BRH:0
end_of_record
TN:
SF:src/components/track/LoadingTrack.tsx
FN:4,(anonymous_1)
FNF:1
FNH:1
FNDA:1,(anonymous_1)
DA:1,1
DA:2,1
DA:4,1
DA:5,1
DA:19,1
LF:5
LH:5
BRF:0
BRH:0
end_of_record
TN:
SF:src/components/track/Track.tsx
FN:28,(anonymous_0)
FN:34,(anonymous_1)
FN:42,(anonymous_2)
FN:47,(anonymous_3)
FN:71,(anonymous_4)
FNF:5
FNH:5
FNDA:9,(anonymous_0)
FNDA:3,(anonymous_1)
FNDA:1,(anonymous_2)
FNDA:1,(anonymous_3)
FNDA:1,(anonymous_4)
DA:1,1
DA:4,1
DA:7,1
DA:8,1
DA:9,1
DA:28,1
DA:29,9
DA:30,9
DA:32,9
DA:34,9
DA:35,3
DA:36,3
DA:37,3
DA:38,3
DA:42,9
DA:43,1
DA:44,1
DA:47,9
DA:48,1
DA:51,9
DA:71,1
DA:84,1
LF:22
LH:22
BRDA:35,0,0,3
BRDA:58,1,0,5
BRDA:58,1,1,4
BRDA:62,2,0,5
BRDA:62,2,1,4
BRDA:68,3,0,5
BRDA:68,3,1,4
BRF:7
BRH:7
end_of_record
TN:
SF:src/context/SongProvider.tsx
FN:14,useSong
FN:19,SongContextProvider
FN:22,(anonymous_2)
FN:30,(anonymous_3)
FNF:4
FNH:4
FNDA:9,useSong
FNDA:5,SongContextProvider
FNDA:3,(anonymous_2)
FNDA:1,(anonymous_3)
DA:1,1
DA:11,1
DA:14,1
DA:15,9
DA:19,1
DA:20,5
DA:22,5
DA:23,3
DA:24,2
DA:26,3
DA:27,3
DA:30,5
DA:31,1
DA:32,1
DA:36,5
LF:15
LH:15
BRDA:23,0,0,2
BRDA:31,1,0,1
BRF:2
BRH:2
end_of_record
TN:
SF:src/graphql/queries.ts
FNF:0
FNH:0
DA:1,1
DA:8,1
DA:33,1
DA:62,1
LF:4
LH:4
BRF:0
BRH:0
end_of_record
TN:
SF:src/pages/index.ts
FN:1,(anonymous_1)
FNF:1
FNH:1
FNDA:1,(anonymous_1)
DA:1,2
LF:1
LH:1
BRF:0
BRH:0
end_of_record
TN:
SF:src/pages/Home/Home.tsx
FN:32,(anonymous_0)
FN:43,(anonymous_1)
FN:47,(anonymous_2)
FN:68,handleSubmit
FN:84,selectedChoice
FN:97,(anonymous_5)
FN:103,(anonymous_6)
FN:119,(anonymous_7)
FN:122,(anonymous_8)
FN:129,(anonymous_9)
FN:159,(anonymous_10)
FN:177,(anonymous_11)
FN:191,(anonymous_12)
FN:193,(anonymous_13)
FN:207,(anonymous_14)
FN:229,(anonymous_15)
FN:231,(anonymous_16)
FN:255,(anonymous_17)
FN:271,(anonymous_18)
FN:273,(anonymous_19)
FNF:20
FNH:3
FNDA:1,(anonymous_0)
FNDA:1,(anonymous_1)
FNDA:0,(anonymous_2)
FNDA:0,handleSubmit
FNDA:0,selectedChoice
FNDA:0,(anonymous_5)
FNDA:0,(anonymous_6)
FNDA:3,(anonymous_7)
FNDA:0,(anonymous_8)
FNDA:0,(anonymous_9)
FNDA:0,(anonymous_10)
FNDA:0,(anonymous_11)
FNDA:0,(anonymous_12)
FNDA:0,(anonymous_13)
FNDA:0,(anonymous_14)
FNDA:0,(anonymous_15)
FNDA:0,(anonymous_16)
FNDA:0,(anonymous_17)
FNDA:0,(anonymous_18)
FNDA:0,(anonymous_19)
DA:2,1
DA:5,1
DA:6,1
DA:7,1
DA:14,1
DA:17,1
DA:20,1
DA:29,1
DA:30,1
DA:32,1
DA:33,1
DA:34,1
DA:35,1
DA:36,1
DA:39,1
DA:40,1
DA:41,1
DA:43,1
DA:44,1
DA:45,0
DA:46,0
DA:47,0
DA:48,0
DA:50,0
DA:51,0
DA:52,0
DA:54,0
DA:55,0
DA:57,0
DA:58,0
DA:60,0
DA:61,0
DA:63,0
DA:69,0
DA:70,0
DA:71,0
DA:72,0
DA:73,0
DA:74,0
DA:75,0
DA:76,0
DA:77,0
DA:78,0
DA:79,0
DA:80,0
DA:85,0
DA:88,1
DA:97,0
DA:103,0
DA:120,3
DA:123,0
DA:130,0
DA:160,0
DA:178,0
DA:191,0
DA:194,0
DA:208,0
DA:229,0
DA:232,0
DA:256,0
DA:271,0
DA:274,0
DA:295,1
LF:63
LH:22
BRDA:44,0,0,0
BRDA:52,1,0,0
BRDA:52,1,1,0
BRDA:52,1,2,0
BRDA:52,1,3,0
BRDA:72,2,0,0
BRDA:72,2,1,0
BRDA:75,3,0,0
BRDA:75,3,1,0
BRDA:78,4,0,0
BRDA:124,5,0,0
BRDA:124,5,1,0
BRDA:133,6,0,0
BRDA:133,6,1,0
BRDA:138,7,0,0
BRDA:138,7,1,0
BRDA:174,8,0,0
BRDA:174,8,1,1
BRDA:175,9,0,0
BRDA:175,9,1,0
BRDA:183,10,0,0
BRDA:183,10,1,0
BRDA:190,11,0,0
BRDA:190,11,1,0
BRDA:192,12,0,0
BRDA:192,12,1,0
BRDA:199,13,0,0
BRDA:199,13,1,0
BRDA:204,14,0,0
BRDA:204,14,1,1
BRDA:205,15,0,0
BRDA:205,15,1,0
BRDA:212,16,0,0
BRDA:212,16,1,0
BRDA:221,17,0,0
BRDA:221,17,1,0
BRDA:228,18,0,0
BRDA:228,18,1,0
BRDA:230,19,0,0
BRDA:230,19,1,0
BRDA:236,20,0,0
BRDA:236,20,1,0
BRDA:245,21,0,0
BRDA:245,21,1,0
BRDA:252,22,0,0
BRDA:252,22,1,1
BRDA:253,23,0,0
BRDA:253,23,1,0
BRDA:262,24,0,0
BRDA:262,24,1,0
BRDA:270,25,0,0
BRDA:270,25,1,0
BRDA:272,26,0,0
BRDA:272,26,1,0
BRDA:280,27,0,0
BRDA:280,27,1,0
BRF:56
BRH:3
end_of_record
